<?xml version="1.0" encoding="UTF-8"?>
<!-- Generated by org.testng.reporters.JUnitXMLReporter -->
<testsuite ignored="4" hostname="aapna-lap-122" failures="0" tests="5" name="Test" time="0.095" errors="0" timestamp="21 Apr 2023 10:57:09 GMT">
  <testcase classname="testcases.CreditCardTest" name="test4" time="0.009"/>
  <testcase classname="testcases.HomeLoanTest" name="test2" time="0.003"/>
  <testcase classname="testcases.CarLoanTest" name="test3" time="0.002"/>
  <testcase classname="testcases.CarLoanTest" name="test4" time="0.002"/>
  <testcase classname="testcases.HomeLoanTest" name="test1" time="0.005"/>
  <testcase classname="testcases.BaseClass" name="@BeforeTest PreReq2" time="0.0">
    <ignored/>
  </testcase> <!-- @BeforeTest PreReq2 -->
  <testcase classname="testcases.BaseClass" name="@BeforeTest PreReq2" time="0.0">
    <ignored/>
  </testcase> <!-- @BeforeTest PreReq2 -->
  <testcase classname="testcases.BaseClass" name="@AfterTest PostAllTest2" time="0.0">
    <ignored/>
  </testcase> <!-- @AfterTest PostAllTest2 -->
  <testcase classname="testcases.BaseClass" name="@AfterTest PostAllTest2" time="0.0">
    <ignored/>
  </testcase> <!-- @AfterTest PostAllTest2 -->
</testsuite> <!-- Test -->
