<?xml version="1.0" encoding="UTF-8"?>
<!-- Generated by org.testng.reporters.JUnitXMLReporter -->
<testsuite ignored="7" hostname="aapna-lap-122" failures="0" tests="2" name="Test" time="0.067" errors="0" timestamp="21 Apr 2023 11:48:29 GMT">
  <testcase classname="testcases.CreditCardTest" name="test4" time="0.014"/>
  <testcase classname="testcases.HomeLoanTest" name="test2" time="0.003"/>
  <testcase classname="testcases.BaseClass" name="@BeforeTest PreReq2" time="0.0">
    <ignored/>
  </testcase> <!-- @BeforeTest PreReq2 -->
  <testcase classname="testcases.BaseClass" name="@BeforeTest PreReq2" time="0.0">
    <ignored/>
  </testcase> <!-- @BeforeTest PreReq2 -->
  <testcase classname="testcases.HomeLoanTest" name="test1" time="0.0">
    <ignored/>
  </testcase> <!-- test1 -->
  <testcase classname="testcases.CarLoanTest" name="test4" time="0.0">
    <ignored/>
  </testcase> <!-- test4 -->
  <testcase classname="testcases.CarLoanTest" name="test3" time="0.0">
    <ignored/>
  </testcase> <!-- test3 -->
  <testcase classname="testcases.BaseClass" name="@AfterTest PostAllTest2" time="0.0">
    <ignored/>
  </testcase> <!-- @AfterTest PostAllTest2 -->
  <testcase classname="testcases.BaseClass" name="@AfterTest PostAllTest2" time="0.0">
    <ignored/>
  </testcase> <!-- @AfterTest PostAllTest2 -->
</testsuite> <!-- Test -->
