<?xml version="1.0" encoding="UTF-8"?>
<testng-results ignored="7" total="9" passed="2" failed="0" skipped="0">
  <reporter-output>
  </reporter-output>
  <suite started-at="2023-04-21T11:48:29Z" name="Sanity" finished-at="2023-04-21T11:48:29Z" duration-ms="67">
    <groups>
      <group name="Regression">
        <method signature="HomeLoanTest.test2()[pri:0, instance:testcases.HomeLoanTest@53fe15ff]" name="test2" class="testcases.HomeLoanTest"/>
      </group> <!-- Regression -->
      <group name="sanity">
        <method signature="CreditCardTest.test4()[pri:0, instance:testcases.CreditCardTest@54c5a2ff]" name="test4" class="testcases.CreditCardTest"/>
        <method signature="HomeLoanTest.test2()[pri:0, instance:testcases.HomeLoanTest@53fe15ff]" name="test2" class="testcases.HomeLoanTest"/>
      </group> <!-- sanity -->
    </groups>
    <test started-at="2023-04-21T11:48:29Z" name="Test" finished-at="2023-04-21T11:48:29Z" duration-ms="67">
      <class name="testcases.CreditCardTest">
        <test-method is-config="true" signature="PreReq2()[pri:0, instance:testcases.CreditCardTest@54c5a2ff]" started-at="2023-04-21T11:48:29Z" name="PreReq2" finished-at="2023-04-21T11:48:29Z" duration-ms="15" status="PASS">
          <reporter-output>
          </reporter-output>
        </test-method> <!-- PreReq2 -->
        <test-method is-config="true" signature="PreReq1()[pri:0, instance:testcases.CreditCardTest@54c5a2ff]" started-at="2023-04-21T11:48:29Z" name="PreReq1" finished-at="2023-04-21T11:48:29Z" duration-ms="1" status="PASS">
          <reporter-output>
          </reporter-output>
        </test-method> <!-- PreReq1 -->
        <test-method signature="test4()[pri:0, instance:testcases.CreditCardTest@54c5a2ff]" started-at="2023-04-21T11:48:29Z" name="test4" finished-at="2023-04-21T11:48:29Z" duration-ms="14" status="PASS">
          <reporter-output>
          </reporter-output>
        </test-method> <!-- test4 -->
        <test-method is-config="true" signature="PostAllTest1()[pri:0, instance:testcases.CreditCardTest@54c5a2ff]" started-at="2023-04-21T11:48:29Z" name="PostAllTest1" finished-at="2023-04-21T11:48:29Z" duration-ms="1" status="PASS">
          <reporter-output>
          </reporter-output>
        </test-method> <!-- PostAllTest1 -->
        <test-method is-config="true" signature="PostAllTest2()[pri:0, instance:testcases.CreditCardTest@54c5a2ff]" started-at="2023-04-21T11:48:29Z" name="PostAllTest2" finished-at="2023-04-21T11:48:29Z" duration-ms="0" status="PASS">
          <reporter-output>
          </reporter-output>
        </test-method> <!-- PostAllTest2 -->
      </class> <!-- testcases.CreditCardTest -->
      <class name="testcases.HomeLoanTest">
        <test-method signature="test2()[pri:0, instance:testcases.HomeLoanTest@53fe15ff]" started-at="2023-04-21T11:48:29Z" name="test2" finished-at="2023-04-21T11:48:29Z" duration-ms="3" status="PASS">
          <reporter-output>
          </reporter-output>
        </test-method> <!-- test2 -->
        <test-method is-config="true" signature="PreReq1()[pri:0, instance:testcases.HomeLoanTest@53fe15ff]" started-at="2023-04-21T11:48:29Z" name="PreReq1" finished-at="2023-04-21T11:48:29Z" duration-ms="0" status="PASS">
          <reporter-output>
          </reporter-output>
        </test-method> <!-- PreReq1 -->
        <test-method is-config="true" signature="PostAllTest1()[pri:0, instance:testcases.HomeLoanTest@53fe15ff]" started-at="2023-04-21T11:48:29Z" name="PostAllTest1" finished-at="2023-04-21T11:48:29Z" duration-ms="0" status="PASS">
          <reporter-output>
          </reporter-output>
        </test-method> <!-- PostAllTest1 -->
      </class> <!-- testcases.HomeLoanTest -->
    </test> <!-- Test -->
  </suite> <!-- Sanity -->
</testng-results>
